2022.05.05 00:46:24 INFO  tracing is disabled for protocol LSP, to enable tracing of incoming and outgoing JSON messages create an empty file at c:\Users\scott\Documents\functional-actors\.metals\lsp.trace.json or C:\Users\scott\AppData\Local\scalameta\metals\cache\lsp.trace.json
2022.05.05 00:46:25 INFO  logging to file C:\Users\scott\Documents\functional-actors\.metals\metals.log
2022.05.05 00:46:25 INFO  Started: Metals version 0.11.5 in workspace 'C:\Users\scott\Documents\functional-actors' for client Visual Studio Code 1.66.2.
2022.05.05 00:46:27 INFO  time: initialize in 1.68s
2022.05.05 00:46:27 WARN  Flyway upgrade recommended: H2 2.1.212 is newer than this version of Flyway and support has not been tested. The latest supported version of H2 is 2.1.210.
2022.05.05 00:46:27 WARN  Build server is not auto-connectable.
2022.05.05 00:46:30 INFO  running 'C:\Program Files\Java\jdk-11.0.14\bin\java -Djline.terminal=jline.UnsupportedTerminal -Dsbt.log.noformat=true -Dfile.encoding=UTF-8 -jar C:\Users\scott\AppData\Local\Temp\metals3061270180767619323\sbt-launch.jar -Dbloop.export-jar-classifiers=sources bloopInstall'
2022.05.05 00:46:32 INFO  [info] welcome to sbt 1.6.2 (Oracle Corporation Java 11.0.14)
2022.05.05 00:46:32 INFO  [info] loading global plugins from C:\Users\scott\.sbt\1.0\plugins
2022.05.05 00:46:34 INFO  [info] loading settings for project functional-actors-build-build from metals.sbt ...
2022.05.05 00:46:34 INFO  [info] loading project definition from C:\Users\scott\Documents\functional-actors\project\project
2022.05.05 00:46:36 INFO  [info] loading settings for project functional-actors-build from metals.sbt ...
2022.05.05 00:46:36 INFO  [info] loading project definition from C:\Users\scott\Documents\functional-actors\project
2022.05.05 00:46:37 INFO  [success] Generated .bloop\functional-actors-build.json
2022.05.05 00:46:37 INFO  [success] Total time: 1 s, completed 5 May 2022, 00:46:37
2022.05.05 00:46:37 INFO  [info] loading settings for project functional-actors from build.sbt ...
2022.05.05 00:46:37 INFO  [info] set current project to functional-actors (in build file:/C:/Users/scott/Documents/functional-actors/)
2022.05.05 00:46:39 INFO  [success] Generated .bloop\functional-actors.json
2022.05.05 00:46:39 INFO  [success] Generated .bloop\functional-actors-test.json
2022.05.05 00:46:39 INFO  [success] Total time: 0 s, completed 5 May 2022, 00:46:39
2022.05.05 00:46:39 INFO  time: ran 'sbt bloopInstall' in 8.37s
2022.05.05 00:46:39 INFO  Attempting to connect to the build server...
2022.05.05 00:46:39 INFO  tracing is disabled for protocol BSP, to enable tracing of incoming and outgoing JSON messages create an empty file at C:\Users\scott\Documents\functional-actors\.metals\bsp.trace.json or C:\Users\scott\AppData\Local\scalameta\metals\cache\bsp.trace.json
2022.05.05 00:46:41 INFO  Attempting to connect to the build server...
2022.05.05 00:46:41 INFO  tracing is disabled for protocol BSP, to enable tracing of incoming and outgoing JSON messages create an empty file at C:\Users\scott\Documents\functional-actors\project\.metals\bsp.trace.json or C:\Users\scott\AppData\Local\scalameta\metals\cache\bsp.trace.json
2022.05.05 00:46:41 INFO  time: Connected to build server in 3.21s
2022.05.05 00:46:41 INFO  Connected to Build server: Bloop v1.4.13
2022.05.05 00:46:47 INFO  time: indexed workspace in 4.93s
2022.05.05 00:47:06 INFO  compiling functional-actors (6 scala sources)
2022.05.05 00:47:09 INFO  time: compiled functional-actors in 2.23s
2022.05.05 00:47:40 INFO  compiling functional-actors (6 scala sources)
2022.05.05 00:47:40 INFO  time: compiled functional-actors in 0.62s
2022.05.05 00:47:53 INFO  shutting down Metals
2022.05.05 00:47:53 INFO  Shut down connection with build server.
2022.05.05 00:47:53 INFO  Shut down connection with build server.
2022.05.05 00:50:38 INFO  tracing is disabled for protocol LSP, to enable tracing of incoming and outgoing JSON messages create an empty file at c:\Users\scott\Documents\functional-actors\.metals\lsp.trace.json or C:\Users\scott\AppData\Local\scalameta\metals\cache\lsp.trace.json
2022.05.05 00:50:39 INFO  logging to file C:\Users\scott\Documents\functional-actors\.metals\metals.log
2022.05.05 00:50:39 INFO  Started: Metals version 0.11.5 in workspace 'C:\Users\scott\Documents\functional-actors' for client Visual Studio Code 1.66.2.
2022.05.05 00:50:40 INFO  time: initialize in 1.41s
2022.05.05 00:50:40 WARN  Flyway upgrade recommended: H2 2.1.212 is newer than this version of Flyway and support has not been tested. The latest supported version of H2 is 2.1.210.
2022.05.05 00:50:41 INFO  Attempting to connect to the build server...
2022.05.05 00:50:40 INFO  skipping build import with status 'Installed'
2022.05.05 00:50:41 INFO  tracing is disabled for protocol BSP, to enable tracing of incoming and outgoing JSON messages create an empty file at C:\Users\scott\Documents\functional-actors\.metals\bsp.trace.json or C:\Users\scott\AppData\Local\scalameta\metals\cache\bsp.trace.json
2022.05.05 00:50:41 INFO  Attempting to connect to the build server...
2022.05.05 00:50:41 INFO  tracing is disabled for protocol BSP, to enable tracing of incoming and outgoing JSON messages create an empty file at C:\Users\scott\Documents\functional-actors\project\.metals\bsp.trace.json or C:\Users\scott\AppData\Local\scalameta\metals\cache\bsp.trace.json
2022.05.05 00:50:41 INFO  time: Connected to build server in 0.15s
2022.05.05 00:50:41 INFO  Connected to Build server: Bloop v1.4.13
2022.05.05 00:50:44 INFO  time: indexed workspace in 2.8s
2022.05.05 00:50:44 INFO  compiling functional-actors (6 scala sources)
2022.05.05 00:50:46 INFO  time: compiled functional-actors in 1.92s
2022.05.05 00:50:46 INFO  compiling functional-actors (6 scala sources)
2022.05.05 00:50:47 INFO  time: compiled functional-actors in 0.57s
2022.05.05 00:50:58 INFO  Disconnecting from Bloop session...
2022.05.05 00:51:00 ERROR timeout: build server 'bloop' during shutdown
2022.05.05 00:51:00 ERROR timeout: build server 'bloop' during shutdown
2022.05.05 00:51:00 INFO  Attempting to connect to the build server...
2022.05.05 00:51:05 INFO  tracing is disabled for protocol BSP, to enable tracing of incoming and outgoing JSON messages create an empty file at C:\Users\scott\Documents\functional-actors\.metals\bsp.trace.json or C:\Users\scott\AppData\Local\scalameta\metals\cache\bsp.trace.json
2022.05.05 00:51:05 INFO  Attempting to connect to the build server...
2022.05.05 00:51:05 INFO  tracing is disabled for protocol BSP, to enable tracing of incoming and outgoing JSON messages create an empty file at C:\Users\scott\Documents\functional-actors\project\.metals\bsp.trace.json or C:\Users\scott\AppData\Local\scalameta\metals\cache\bsp.trace.json
2022.05.05 00:51:05 INFO  time: Connected to build server in 5.25s
2022.05.05 00:51:05 INFO  Connected to Build server: Bloop v1.5.0
2022.05.05 00:51:06 INFO  time: indexed workspace in 1.05s
2022.05.05 00:51:07 INFO  compiling functional-actors (6 scala sources)
2022.05.05 00:51:12 INFO  Deduplicating compilation of functional-actors from bsp client 'Metals 0.11.5' (since 7.12s)
2022.05.05 00:51:12 INFO  compiling functional-actors (6 scala sources)
2022.05.05 00:51:14 INFO  time: compiled functional-actors in 2.05s
2022.05.05 00:51:21 INFO  compiling functional-actors (6 scala sources)
2022.05.05 00:51:21 INFO  time: compiled functional-actors in 0.48s
2022.05.05 00:51:25 INFO  compiling functional-actors (6 scala sources)
2022.05.05 00:51:25 INFO  time: compiled functional-actors in 0.31s
2022.05.05 00:51:28 INFO  compiling functional-actors (6 scala sources)
2022.05.05 00:51:28 INFO  time: compiled functional-actors in 0.3s
2022.05.05 00:51:29 ERROR code navigation does not work for the file 'C:\Users\scott\Documents\functional-actors\src\test\scala\functional.actors\ActorTest.scala' because the build target functional-actors-test is being compiled. Wait until compilation is finished and try again.
2022.05.05 00:51:29 ERROR code navigation does not work for the file 'C:\Users\scott\Documents\functional-actors\src\test\scala\functional.actors\ActorTest.scala' because the SemanticDB file 'C:\Users\scott\Documents\functional-actors\.bloop\functional-actors\bloop-bsp-clients-classes\test-classes-Metals-Yft22zCCSyO889nzsIaOHQ==\META-INF\semanticdb\src\test\scala\functional.actors\ActorTest.scala.semanticdb' doesn't exist. There can be many reasons for this error. 
2022.05.05 00:51:29 ERROR code navigation does not work for the file 'C:\Users\scott\Documents\functional-actors\src\test\scala\functional.actors\ActorTest.scala' because the SemanticDB file 'C:\Users\scott\Documents\functional-actors\.bloop\functional-actors\bloop-bsp-clients-classes\test-classes-Metals-Yft22zCCSyO889nzsIaOHQ==\META-INF\semanticdb\src\test\scala\functional.actors\ActorTest.scala.semanticdb' doesn't exist. There can be many reasons for this error. 
2022.05.05 00:51:31 ERROR code navigation does not work for the file 'C:\Users\scott\Documents\functional-actors\src\test\scala\functional.actors\ActorTest.scala' because the SemanticDB file 'C:\Users\scott\Documents\functional-actors\.bloop\functional-actors\bloop-bsp-clients-classes\test-classes-Metals-Yft22zCCSyO889nzsIaOHQ==\META-INF\semanticdb\src\test\scala\functional.actors\ActorTest.scala.semanticdb' doesn't exist. There can be many reasons for this error. 
2022.05.05 00:51:31 ERROR code navigation does not work for the file 'C:\Users\scott\Documents\functional-actors\src\test\scala\functional.actors\ActorTest.scala' because the SemanticDB file 'C:\Users\scott\Documents\functional-actors\.bloop\functional-actors\bloop-bsp-clients-classes\test-classes-Metals-Yft22zCCSyO889nzsIaOHQ==\META-INF\semanticdb\src\test\scala\functional.actors\ActorTest.scala.semanticdb' doesn't exist. There can be many reasons for this error. 
2022.05.05 00:51:31 ERROR code navigation does not work for the file 'C:\Users\scott\Documents\functional-actors\src\test\scala\functional.actors\ActorTest.scala' because the SemanticDB file 'C:\Users\scott\Documents\functional-actors\.bloop\functional-actors\bloop-bsp-clients-classes\test-classes-Metals-Yft22zCCSyO889nzsIaOHQ==\META-INF\semanticdb\src\test\scala\functional.actors\ActorTest.scala.semanticdb' doesn't exist. There can be many reasons for this error. 
2022.05.05 00:51:33 ERROR code navigation does not work for the file 'C:\Users\scott\Documents\functional-actors\src\test\scala\functional.actors\ActorTest.scala' because the SemanticDB file 'C:\Users\scott\Documents\functional-actors\.bloop\functional-actors\bloop-bsp-clients-classes\test-classes-Metals-Yft22zCCSyO889nzsIaOHQ==\META-INF\semanticdb\src\test\scala\functional.actors\ActorTest.scala.semanticdb' doesn't exist. There can be many reasons for this error. 
2022.05.05 00:51:36 INFO  compiling functional-actors (6 scala sources)
2022.05.05 00:51:36 INFO  time: compiled functional-actors in 0.3s
2022.05.05 00:51:38 INFO  compiling functional-actors (6 scala sources)
2022.05.05 00:51:38 INFO  time: compiled functional-actors in 0.25s
2022.05.05 00:51:44 INFO  compiling functional-actors (6 scala sources)
2022.05.05 00:51:44 INFO  time: compiled functional-actors in 0.22s
2022.05.05 00:51:50 INFO  compiling functional-actors (6 scala sources)
2022.05.05 00:51:50 INFO  time: compiled functional-actors in 0.2s
2022.05.05 00:52:13 INFO  compiling functional-actors (6 scala sources)
2022.05.05 00:52:13 INFO  time: compiled functional-actors in 0.2s
2022.05.05 00:52:20 INFO  compiling functional-actors (6 scala sources)
2022.05.05 00:52:20 INFO  time: compiled functional-actors in 0.2s
2022.05.05 00:52:25 ERROR code navigation does not work for the file 'C:\Users\scott\Documents\functional-actors\src\main\scala\functional\actors\Actor.scala' because the SemanticDB file 'C:\Users\scott\Documents\functional-actors\.bloop\functional-actors\bloop-bsp-clients-classes\classes-Metals-Yft22zCCSyO889nzsIaOHQ==\META-INF\semanticdb\src\main\scala\functional\actors\Actor.scala.semanticdb' doesn't exist. There can be many reasons for this error. 
2022.05.05 00:52:27 ERROR code navigation does not work for the file 'C:\Users\scott\Documents\functional-actors\src\main\scala\functional\actors\Actor.scala' because the SemanticDB file 'C:\Users\scott\Documents\functional-actors\.bloop\functional-actors\bloop-bsp-clients-classes\classes-Metals-Yft22zCCSyO889nzsIaOHQ==\META-INF\semanticdb\src\main\scala\functional\actors\Actor.scala.semanticdb' doesn't exist. There can be many reasons for this error. 
2022.05.05 00:52:27 ERROR code navigation does not work for the file 'C:\Users\scott\Documents\functional-actors\src\main\scala\functional\actors\Actor.scala' because the SemanticDB file 'C:\Users\scott\Documents\functional-actors\.bloop\functional-actors\bloop-bsp-clients-classes\classes-Metals-Yft22zCCSyO889nzsIaOHQ==\META-INF\semanticdb\src\main\scala\functional\actors\Actor.scala.semanticdb' doesn't exist. There can be many reasons for this error. 
2022.05.05 00:52:27 ERROR code navigation does not work for the file 'C:\Users\scott\Documents\functional-actors\src\main\scala\functional\actors\Actor.scala' because the SemanticDB file 'C:\Users\scott\Documents\functional-actors\.bloop\functional-actors\bloop-bsp-clients-classes\classes-Metals-Yft22zCCSyO889nzsIaOHQ==\META-INF\semanticdb\src\main\scala\functional\actors\Actor.scala.semanticdb' doesn't exist. There can be many reasons for this error. 
2022.05.05 00:52:28 ERROR code navigation does not work for the file 'C:\Users\scott\Documents\functional-actors\src\main\scala\functional\actors\Actor.scala' because the SemanticDB file 'C:\Users\scott\Documents\functional-actors\.bloop\functional-actors\bloop-bsp-clients-classes\classes-Metals-Yft22zCCSyO889nzsIaOHQ==\META-INF\semanticdb\src\main\scala\functional\actors\Actor.scala.semanticdb' doesn't exist. There can be many reasons for this error. 
2022.05.05 00:52:31 ERROR code navigation does not work for the file 'C:\Users\scott\Documents\functional-actors\src\main\scala\functional\actors\Actor.scala' because the SemanticDB file 'C:\Users\scott\Documents\functional-actors\.bloop\functional-actors\bloop-bsp-clients-classes\classes-Metals-Yft22zCCSyO889nzsIaOHQ==\META-INF\semanticdb\src\main\scala\functional\actors\Actor.scala.semanticdb' doesn't exist. There can be many reasons for this error. 
2022.05.05 00:52:31 ERROR code navigation does not work for the file 'C:\Users\scott\Documents\functional-actors\src\main\scala\functional\actors\Actor.scala' because the SemanticDB file 'C:\Users\scott\Documents\functional-actors\.bloop\functional-actors\bloop-bsp-clients-classes\classes-Metals-Yft22zCCSyO889nzsIaOHQ==\META-INF\semanticdb\src\main\scala\functional\actors\Actor.scala.semanticdb' doesn't exist. There can be many reasons for this error. 
2022.05.05 00:52:31 ERROR code navigation does not work for the file 'C:\Users\scott\Documents\functional-actors\src\main\scala\functional\actors\Actor.scala' because the SemanticDB file 'C:\Users\scott\Documents\functional-actors\.bloop\functional-actors\bloop-bsp-clients-classes\classes-Metals-Yft22zCCSyO889nzsIaOHQ==\META-INF\semanticdb\src\main\scala\functional\actors\Actor.scala.semanticdb' doesn't exist. There can be many reasons for this error. 
2022.05.05 00:52:31 ERROR code navigation does not work for the file 'C:\Users\scott\Documents\functional-actors\src\main\scala\functional\actors\Actor.scala' because the SemanticDB file 'C:\Users\scott\Documents\functional-actors\.bloop\functional-actors\bloop-bsp-clients-classes\classes-Metals-Yft22zCCSyO889nzsIaOHQ==\META-INF\semanticdb\src\main\scala\functional\actors\Actor.scala.semanticdb' doesn't exist. There can be many reasons for this error. 
2022.05.05 00:52:32 ERROR code navigation does not work for the file 'C:\Users\scott\Documents\functional-actors\src\main\scala\functional\actors\Actor.scala' because the SemanticDB file 'C:\Users\scott\Documents\functional-actors\.bloop\functional-actors\bloop-bsp-clients-classes\classes-Metals-Yft22zCCSyO889nzsIaOHQ==\META-INF\semanticdb\src\main\scala\functional\actors\Actor.scala.semanticdb' doesn't exist. There can be many reasons for this error. 
2022.05.05 00:52:33 ERROR code navigation does not work for the file 'C:\Users\scott\Documents\functional-actors\src\main\scala\functional\actors\Actor.scala' because the SemanticDB file 'C:\Users\scott\Documents\functional-actors\.bloop\functional-actors\bloop-bsp-clients-classes\classes-Metals-Yft22zCCSyO889nzsIaOHQ==\META-INF\semanticdb\src\main\scala\functional\actors\Actor.scala.semanticdb' doesn't exist. There can be many reasons for this error. 
2022.05.05 00:52:33 ERROR code navigation does not work for the file 'C:\Users\scott\Documents\functional-actors\src\main\scala\functional\actors\Actor.scala' because the SemanticDB file 'C:\Users\scott\Documents\functional-actors\.bloop\functional-actors\bloop-bsp-clients-classes\classes-Metals-Yft22zCCSyO889nzsIaOHQ==\META-INF\semanticdb\src\main\scala\functional\actors\Actor.scala.semanticdb' doesn't exist. There can be many reasons for this error. 
2022.05.05 00:52:33 ERROR code navigation does not work for the file 'C:\Users\scott\Documents\functional-actors\src\main\scala\functional\actors\Actor.scala' because the SemanticDB file 'C:\Users\scott\Documents\functional-actors\.bloop\functional-actors\bloop-bsp-clients-classes\classes-Metals-Yft22zCCSyO889nzsIaOHQ==\META-INF\semanticdb\src\main\scala\functional\actors\Actor.scala.semanticdb' doesn't exist. There can be many reasons for this error. 
2022.05.05 00:52:54 ERROR code navigation does not work for the file 'C:\Users\scott\Documents\functional-actors\src\main\scala\functional\actors\Actor.scala' because the SemanticDB file 'C:\Users\scott\Documents\functional-actors\.bloop\functional-actors\bloop-bsp-clients-classes\classes-Metals-Yft22zCCSyO889nzsIaOHQ==\META-INF\semanticdb\src\main\scala\functional\actors\Actor.scala.semanticdb' doesn't exist. There can be many reasons for this error. 
2022.05.05 00:52:58 INFO  compiling functional-actors (6 scala sources)
2022.05.05 00:52:58 INFO  time: compiled functional-actors in 0.2s
2022.05.05 00:53:22 INFO  compiling functional-actors (6 scala sources)
2022.05.05 00:53:22 INFO  time: compiled functional-actors in 0.19s
2022.05.05 00:53:29 INFO  compiling functional-actors (6 scala sources)
2022.05.05 00:53:29 INFO  time: compiled functional-actors in 60ms
2022.05.05 00:53:31 INFO  compiling functional-actors (6 scala sources)
2022.05.05 00:53:31 INFO  time: compiled functional-actors in 0.21s
2022.05.05 00:53:50 ERROR code navigation does not work for the file 'C:\Users\scott\Documents\functional-actors\src\main\scala\functional\actors\ActorSystem.scala' because the SemanticDB file 'C:\Users\scott\Documents\functional-actors\.bloop\functional-actors\bloop-bsp-clients-classes\classes-Metals-Yft22zCCSyO889nzsIaOHQ==\META-INF\semanticdb\src\main\scala\functional\actors\ActorSystem.scala.semanticdb' doesn't exist. There can be many reasons for this error. 
2022.05.05 00:53:54 ERROR code navigation does not work for the file 'C:\Users\scott\Documents\functional-actors\src\main\scala\functional\actors\ActorSystem.scala' because the SemanticDB file 'C:\Users\scott\Documents\functional-actors\.bloop\functional-actors\bloop-bsp-clients-classes\classes-Metals-Yft22zCCSyO889nzsIaOHQ==\META-INF\semanticdb\src\main\scala\functional\actors\ActorSystem.scala.semanticdb' doesn't exist. There can be many reasons for this error. 
2022.05.05 00:53:54 ERROR code navigation does not work for the file 'C:\Users\scott\Documents\functional-actors\src\main\scala\functional\actors\ActorSystem.scala' because the SemanticDB file 'C:\Users\scott\Documents\functional-actors\.bloop\functional-actors\bloop-bsp-clients-classes\classes-Metals-Yft22zCCSyO889nzsIaOHQ==\META-INF\semanticdb\src\main\scala\functional\actors\ActorSystem.scala.semanticdb' doesn't exist. There can be many reasons for this error. 
2022.05.05 00:53:55 ERROR code navigation does not work for the file 'C:\Users\scott\Documents\functional-actors\src\main\scala\functional\actors\ActorSystem.scala' because the SemanticDB file 'C:\Users\scott\Documents\functional-actors\.bloop\functional-actors\bloop-bsp-clients-classes\classes-Metals-Yft22zCCSyO889nzsIaOHQ==\META-INF\semanticdb\src\main\scala\functional\actors\ActorSystem.scala.semanticdb' doesn't exist. There can be many reasons for this error. 
2022.05.05 00:54:11 INFO  compiling functional-actors (6 scala sources)
2022.05.05 00:54:11 INFO  time: compiled functional-actors in 0.18s
2022.05.05 00:54:20 INFO  compiling functional-actors (6 scala sources)
2022.05.05 00:54:20 INFO  time: compiled functional-actors in 0.18s
2022.05.05 00:54:29 INFO  compiling functional-actors (6 scala sources)
2022.05.05 00:54:29 INFO  time: compiled functional-actors in 46ms
2022.05.05 00:54:35 INFO  compiling functional-actors (6 scala sources)
2022.05.05 00:54:35 INFO  time: compiled functional-actors in 0.19s
2022.05.05 00:54:56 INFO  compiling functional-actors (6 scala sources)
2022.05.05 00:54:56 INFO  time: compiled functional-actors in 0.22s
2022.05.05 00:54:58 INFO  compiling functional-actors (6 scala sources)
2022.05.05 00:54:58 INFO  time: compiled functional-actors in 0.32s
2022.05.05 00:55:01 INFO  compiling functional-actors (6 scala sources)
2022.05.05 00:55:01 INFO  time: compiled functional-actors in 0.19s
2022.05.05 00:55:03 INFO  compiling functional-actors (6 scala sources)
2022.05.05 00:55:03 INFO  time: compiled functional-actors in 0.19s
May 05, 2022 12:55:26 AM scala.meta.internal.pc.CompletionProvider expected$1
WARNING: offset 934, count -1, length 2310
2022.05.05 00:55:27 INFO  compiling functional-actors (6 scala sources)
2022.05.05 00:55:27 INFO  time: compiled functional-actors in 0.18s
2022.05.05 00:55:30 INFO  compiling functional-actors (6 scala sources)
2022.05.05 00:55:30 INFO  time: compiled functional-actors in 0.18s
2022.05.05 00:55:33 INFO  compiling functional-actors (6 scala sources)
2022.05.05 00:55:33 INFO  time: compiled functional-actors in 0.18s
2022.05.05 00:58:32 INFO  compiling functional-actors (6 scala sources)
2022.05.05 00:58:32 INFO  time: compiled functional-actors in 0.17s
2022.05.05 00:58:38 INFO  compiling functional-actors (6 scala sources)
2022.05.05 00:58:38 INFO  time: compiled functional-actors in 0.19s
2022.05.05 01:00:37 INFO  compiling functional-actors (6 scala sources)
2022.05.05 01:00:37 INFO  time: compiled functional-actors in 0.17s
2022.05.05 01:00:41 INFO  compiling functional-actors (6 scala sources)
2022.05.05 01:00:41 INFO  time: compiled functional-actors in 0.16s
2022.05.05 01:00:44 INFO  compiling functional-actors (6 scala sources)
2022.05.05 01:00:44 INFO  time: compiled functional-actors in 0.2s
2022.05.05 01:00:46 INFO  compiling functional-actors (6 scala sources)
2022.05.05 01:00:46 INFO  time: compiled functional-actors in 0.21s
2022.05.05 01:00:52 INFO  compiling functional-actors (6 scala sources)
2022.05.05 01:00:52 INFO  time: compiled functional-actors in 0.19s
2022.05.05 01:01:18 INFO  compiling functional-actors (6 scala sources)
2022.05.05 01:01:18 INFO  time: compiled functional-actors in 0.18s
2022.05.05 01:01:31 INFO  compiling functional-actors (6 scala sources)
2022.05.05 01:01:31 INFO  time: compiled functional-actors in 0.17s
2022.05.05 01:03:46 INFO  compiling functional-actors (6 scala sources)
2022.05.05 01:03:46 INFO  time: compiled functional-actors in 48ms
2022.05.05 01:03:49 INFO  compiling functional-actors (6 scala sources)
2022.05.05 01:03:49 INFO  time: compiled functional-actors in 38ms
2022.05.05 01:03:53 INFO  compiling functional-actors (6 scala sources)
2022.05.05 01:03:53 INFO  time: compiled functional-actors in 37ms
2022.05.05 01:03:56 INFO  compiling functional-actors (6 scala sources)
2022.05.05 01:03:56 INFO  time: compiled functional-actors in 39ms
2022.05.05 01:04:00 INFO  compiling functional-actors (6 scala sources)
2022.05.05 01:04:00 INFO  time: compiled functional-actors in 39ms
2022.05.05 01:04:05 INFO  compiling functional-actors (6 scala sources)
2022.05.05 01:04:05 INFO  time: compiled functional-actors in 36ms
2022.05.05 01:04:11 INFO  compiling functional-actors (6 scala sources)
2022.05.05 01:04:11 INFO  time: compiled functional-actors in 35ms
2022.05.05 01:04:14 INFO  compiling functional-actors (6 scala sources)
2022.05.05 01:04:14 INFO  time: compiled functional-actors in 35ms
2022.05.05 01:04:16 INFO  compiling functional-actors (6 scala sources)
2022.05.05 01:04:16 INFO  time: compiled functional-actors in 37ms
2022.05.05 01:04:18 INFO  file:///C:/Users/scott/Documents/functional-actors/src/main/scala/functional/actors/Actor.scala:30:1: stale bloop error: illegal start of simple expression
}
^
2022.05.05 01:04:18 INFO  file:///C:/Users/scott/Documents/functional-actors/src/main/scala/functional/actors/Actor.scala:30:1: stale bloop error: illegal start of simple expression
}
^
2022.05.05 01:04:20 INFO  compiling functional-actors (6 scala sources)
2022.05.05 01:04:20 INFO  time: compiled functional-actors in 36ms
2022.05.05 01:04:33 INFO  compiling functional-actors (6 scala sources)
2022.05.05 01:04:33 INFO  time: compiled functional-actors in 38ms
2022.05.05 01:04:35 INFO  compiling functional-actors (6 scala sources)
2022.05.05 01:04:35 INFO  time: compiled functional-actors in 37ms
2022.05.05 01:04:37 INFO  compiling functional-actors (6 scala sources)
2022.05.05 01:04:37 INFO  time: compiled functional-actors in 37ms
2022.05.05 01:04:45 INFO  compiling functional-actors (6 scala sources)
2022.05.05 01:04:45 INFO  time: compiled functional-actors in 0.17s
2022.05.05 01:05:00 INFO  compiling functional-actors (6 scala sources)
2022.05.05 01:05:00 INFO  time: compiled functional-actors in 0.16s
2022.05.05 01:05:09 INFO  compiling functional-actors (6 scala sources)
2022.05.05 01:05:09 INFO  time: compiled functional-actors in 0.17s
2022.05.05 01:05:18 ERROR code navigation does not work for the file 'C:\Users\scott\Documents\functional-actors\src\main\scala\functional\actors\Actor.scala' because the SemanticDB file 'C:\Users\scott\Documents\functional-actors\.bloop\functional-actors\bloop-bsp-clients-classes\classes-Metals-Yft22zCCSyO889nzsIaOHQ==\META-INF\semanticdb\src\main\scala\functional\actors\Actor.scala.semanticdb' doesn't exist. There can be many reasons for this error. 
2022.05.05 01:05:18 ERROR code navigation does not work for the file 'C:\Users\scott\Documents\functional-actors\src\main\scala\functional\actors\Actor.scala' because the SemanticDB file 'C:\Users\scott\Documents\functional-actors\.bloop\functional-actors\bloop-bsp-clients-classes\classes-Metals-Yft22zCCSyO889nzsIaOHQ==\META-INF\semanticdb\src\main\scala\functional\actors\Actor.scala.semanticdb' doesn't exist. There can be many reasons for this error. 
2022.05.05 01:05:18 ERROR code navigation does not work for the file 'C:\Users\scott\Documents\functional-actors\src\main\scala\functional\actors\Actor.scala' because the SemanticDB file 'C:\Users\scott\Documents\functional-actors\.bloop\functional-actors\bloop-bsp-clients-classes\classes-Metals-Yft22zCCSyO889nzsIaOHQ==\META-INF\semanticdb\src\main\scala\functional\actors\Actor.scala.semanticdb' doesn't exist. There can be many reasons for this error. 
2022.05.05 01:05:19 INFO  compiling functional-actors (6 scala sources)
2022.05.05 01:05:19 INFO  time: compiled functional-actors in 0.15s
2022.05.05 01:06:13 INFO  compiling functional-actors (6 scala sources)
2022.05.05 01:06:13 INFO  time: compiled functional-actors in 0.17s
2022.05.05 01:06:15 INFO  compiling functional-actors (6 scala sources)
2022.05.05 01:06:15 INFO  time: compiled functional-actors in 0.17s
2022.05.05 01:06:46 ERROR code navigation does not work for the file 'C:\Users\scott\Documents\functional-actors\src\main\scala\functional\actors\Actor.scala' because the SemanticDB file 'C:\Users\scott\Documents\functional-actors\.bloop\functional-actors\bloop-bsp-clients-classes\classes-Metals-Yft22zCCSyO889nzsIaOHQ==\META-INF\semanticdb\src\main\scala\functional\actors\Actor.scala.semanticdb' doesn't exist. There can be many reasons for this error. 
2022.05.05 01:06:48 ERROR code navigation does not work for the file 'C:\Users\scott\Documents\functional-actors\src\main\scala\functional\actors\Actor.scala' because the SemanticDB file 'C:\Users\scott\Documents\functional-actors\.bloop\functional-actors\bloop-bsp-clients-classes\classes-Metals-Yft22zCCSyO889nzsIaOHQ==\META-INF\semanticdb\src\main\scala\functional\actors\Actor.scala.semanticdb' doesn't exist. There can be many reasons for this error. 
2022.05.05 01:06:48 ERROR code navigation does not work for the file 'C:\Users\scott\Documents\functional-actors\src\main\scala\functional\actors\Actor.scala' because the SemanticDB file 'C:\Users\scott\Documents\functional-actors\.bloop\functional-actors\bloop-bsp-clients-classes\classes-Metals-Yft22zCCSyO889nzsIaOHQ==\META-INF\semanticdb\src\main\scala\functional\actors\Actor.scala.semanticdb' doesn't exist. There can be many reasons for this error. 
2022.05.05 01:06:48 ERROR code navigation does not work for the file 'C:\Users\scott\Documents\functional-actors\src\main\scala\functional\actors\Actor.scala' because the SemanticDB file 'C:\Users\scott\Documents\functional-actors\.bloop\functional-actors\bloop-bsp-clients-classes\classes-Metals-Yft22zCCSyO889nzsIaOHQ==\META-INF\semanticdb\src\main\scala\functional\actors\Actor.scala.semanticdb' doesn't exist. There can be many reasons for this error. 
2022.05.05 01:06:49 ERROR code navigation does not work for the file 'C:\Users\scott\Documents\functional-actors\src\main\scala\functional\actors\Actor.scala' because the SemanticDB file 'C:\Users\scott\Documents\functional-actors\.bloop\functional-actors\bloop-bsp-clients-classes\classes-Metals-Yft22zCCSyO889nzsIaOHQ==\META-INF\semanticdb\src\main\scala\functional\actors\Actor.scala.semanticdb' doesn't exist. There can be many reasons for this error. 
2022.05.05 01:06:49 ERROR code navigation does not work for the file 'C:\Users\scott\Documents\functional-actors\src\main\scala\functional\actors\Actor.scala' because the SemanticDB file 'C:\Users\scott\Documents\functional-actors\.bloop\functional-actors\bloop-bsp-clients-classes\classes-Metals-Yft22zCCSyO889nzsIaOHQ==\META-INF\semanticdb\src\main\scala\functional\actors\Actor.scala.semanticdb' doesn't exist. There can be many reasons for this error. 
2022.05.05 01:06:51 ERROR code navigation does not work for the file 'C:\Users\scott\Documents\functional-actors\src\main\scala\functional\actors\Actor.scala' because the SemanticDB file 'C:\Users\scott\Documents\functional-actors\.bloop\functional-actors\bloop-bsp-clients-classes\classes-Metals-Yft22zCCSyO889nzsIaOHQ==\META-INF\semanticdb\src\main\scala\functional\actors\Actor.scala.semanticdb' doesn't exist. There can be many reasons for this error. 
2022.05.05 01:07:13 INFO  compiling functional-actors (6 scala sources)
2022.05.05 01:07:13 INFO  time: compiled functional-actors in 0.17s
2022.05.05 01:07:13 ERROR code navigation does not work for the file 'C:\Users\scott\Documents\functional-actors\src\main\scala\functional\actors\Actor.scala' because the build target functional-actors is being compiled. Wait until compilation is finished and try again.
2022.05.05 01:07:49 ERROR code navigation does not work for the file 'C:\Users\scott\Documents\functional-actors\src\main\scala\functional\actors\Actor.scala' because the SemanticDB file 'C:\Users\scott\Documents\functional-actors\.bloop\functional-actors\bloop-bsp-clients-classes\classes-Metals-Yft22zCCSyO889nzsIaOHQ==\META-INF\semanticdb\src\main\scala\functional\actors\Actor.scala.semanticdb' doesn't exist. There can be many reasons for this error. 
2022.05.05 01:08:06 ERROR code navigation does not work for the file 'C:\Users\scott\Documents\functional-actors\src\main\scala\functional\actors\Actor.scala' because the SemanticDB file 'C:\Users\scott\Documents\functional-actors\.bloop\functional-actors\bloop-bsp-clients-classes\classes-Metals-Yft22zCCSyO889nzsIaOHQ==\META-INF\semanticdb\src\main\scala\functional\actors\Actor.scala.semanticdb' doesn't exist. There can be many reasons for this error. 
2022.05.05 01:08:18 INFO  compiling functional-actors (6 scala sources)
2022.05.05 01:08:18 INFO  time: compiled functional-actors in 0.16s
2022.05.05 01:08:29 INFO  compiling functional-actors (6 scala sources)
2022.05.05 01:08:29 INFO  time: compiled functional-actors in 0.16s
2022.05.05 01:08:35 ERROR code navigation does not work for the file 'C:\Users\scott\Documents\functional-actors\src\main\scala\functional\actors\Actor.scala' because the SemanticDB file 'C:\Users\scott\Documents\functional-actors\.bloop\functional-actors\bloop-bsp-clients-classes\classes-Metals-Yft22zCCSyO889nzsIaOHQ==\META-INF\semanticdb\src\main\scala\functional\actors\Actor.scala.semanticdb' doesn't exist. There can be many reasons for this error. 
2022.05.05 01:08:41 INFO  compiling functional-actors (6 scala sources)
2022.05.05 01:08:41 INFO  time: compiled functional-actors in 0.17s
2022.05.05 01:08:48 INFO  compiling functional-actors (6 scala sources)
2022.05.05 01:08:50 INFO  time: compiled functional-actors in 1.72s
2022.05.05 01:08:52 INFO  compiling functional-actors-test (1 scala source)
2022.05.05 01:08:52 INFO  time: compiled functional-actors-test in 0.44s
2022.05.05 01:10:11 INFO  compiling functional-actors-test (1 scala source)
2022.05.05 01:10:11 INFO  time: compiled functional-actors-test in 0.34s
2022.05.05 01:10:24 INFO  compiling functional-actors-test (1 scala source)
2022.05.05 01:10:24 INFO  time: compiled functional-actors-test in 47ms
2022.05.05 01:10:28 INFO  compiling functional-actors-test (1 scala source)
2022.05.05 01:10:28 INFO  time: compiled functional-actors-test in 0.2s
2022.05.05 01:10:30 INFO  compiling functional-actors-test (1 scala source)
2022.05.05 01:10:30 INFO  time: compiled functional-actors-test in 0.19s
2022.05.05 01:10:33 INFO  compiling functional-actors-test (1 scala source)
2022.05.05 01:10:33 INFO  time: compiled functional-actors-test in 0.21s
2022.05.05 01:10:37 INFO  compiling functional-actors-test (1 scala source)
2022.05.05 01:10:37 INFO  time: compiled functional-actors-test in 58ms
2022.05.05 01:10:41 INFO  compiling functional-actors-test (1 scala source)
2022.05.05 01:10:41 INFO  time: compiled functional-actors-test in 0.22s
2022.05.05 01:10:47 INFO  compiling functional-actors-test (1 scala source)
2022.05.05 01:10:47 INFO  time: compiled functional-actors-test in 0.19s
2022.05.05 01:10:51 INFO  compiling functional-actors-test (1 scala source)
2022.05.05 01:10:51 INFO  time: compiled functional-actors-test in 0.19s
2022.05.05 01:10:53 ERROR code navigation does not work for the file 'C:\Users\scott\Documents\functional-actors\src\test\scala\functional.actors\ActorTest.scala' because the SemanticDB file 'C:\Users\scott\Documents\functional-actors\.bloop\functional-actors\bloop-bsp-clients-classes\test-classes-Metals-Yft22zCCSyO889nzsIaOHQ==\META-INF\semanticdb\src\test\scala\functional.actors\ActorTest.scala.semanticdb' doesn't exist. There can be many reasons for this error. 
2022.05.05 01:10:53 ERROR code navigation does not work for the file 'C:\Users\scott\Documents\functional-actors\src\test\scala\functional.actors\ActorTest.scala' because the SemanticDB file 'C:\Users\scott\Documents\functional-actors\.bloop\functional-actors\bloop-bsp-clients-classes\test-classes-Metals-Yft22zCCSyO889nzsIaOHQ==\META-INF\semanticdb\src\test\scala\functional.actors\ActorTest.scala.semanticdb' doesn't exist. There can be many reasons for this error. 
2022.05.05 01:10:53 ERROR code navigation does not work for the file 'C:\Users\scott\Documents\functional-actors\src\test\scala\functional.actors\ActorTest.scala' because the SemanticDB file 'C:\Users\scott\Documents\functional-actors\.bloop\functional-actors\bloop-bsp-clients-classes\test-classes-Metals-Yft22zCCSyO889nzsIaOHQ==\META-INF\semanticdb\src\test\scala\functional.actors\ActorTest.scala.semanticdb' doesn't exist. There can be many reasons for this error. 
2022.05.05 01:10:56 INFO  compiling functional-actors-test (1 scala source)
2022.05.05 01:10:56 INFO  time: compiled functional-actors-test in 0.2s
2022.05.05 01:11:02 INFO  compiling functional-actors-test (1 scala source)
2022.05.05 01:11:02 INFO  time: compiled functional-actors-test in 0.2s
2022.05.05 01:11:10 INFO  compiling functional-actors-test (1 scala source)
2022.05.05 01:11:10 INFO  time: compiled functional-actors-test in 0.21s
2022.05.05 01:11:17 INFO  compiling functional-actors-test (1 scala source)
2022.05.05 01:11:17 INFO  time: compiled functional-actors-test in 0.17s
2022.05.05 01:11:23 INFO  compiling functional-actors-test (1 scala source)
2022.05.05 01:11:23 INFO  time: compiled functional-actors-test in 0.19s
2022.05.05 01:11:38 INFO  compiling functional-actors-test (1 scala source)
2022.05.05 01:11:38 INFO  time: compiled functional-actors-test in 0.19s
2022.05.05 01:13:59 INFO  compiling functional-actors-test (1 scala source)
2022.05.05 01:13:59 INFO  time: compiled functional-actors-test in 0.19s
2022.05.05 01:14:06 INFO  compiling functional-actors-test (1 scala source)
2022.05.05 01:14:06 INFO  time: compiled functional-actors-test in 0.18s
2022.05.05 01:14:15 INFO  compiling functional-actors-test (1 scala source)
2022.05.05 01:14:15 INFO  time: compiled functional-actors-test in 0.19s
2022.05.05 01:14:22 INFO  compiling functional-actors-test (1 scala source)
2022.05.05 01:14:22 INFO  time: compiled functional-actors-test in 0.18s
2022.05.05 01:14:33 INFO  compiling functional-actors-test (1 scala source)
2022.05.05 01:14:33 INFO  time: compiled functional-actors-test in 0.18s
2022.05.05 01:14:38 INFO  compiling functional-actors-test (1 scala source)
2022.05.05 01:14:38 INFO  time: compiled functional-actors-test in 0.19s
May 05, 2022 1:14:39 AM org.eclipse.lsp4j.jsonrpc.RemoteEndpoint handleCancellation
WARNING: Unmatched cancel notification for request id 1822
2022.05.05 01:14:53 INFO  compiling functional-actors-test (1 scala source)
2022.05.05 01:14:53 INFO  time: compiled functional-actors-test in 0.18s
2022.05.05 01:15:03 INFO  compiling functional-actors-test (1 scala source)
2022.05.05 01:15:03 INFO  time: compiled functional-actors-test in 0.18s
2022.05.05 01:20:10 INFO  compiling functional-actors-test (1 scala source)
2022.05.05 01:20:10 INFO  time: compiled functional-actors-test in 0.17s
2022.05.05 01:20:12 INFO  compiling functional-actors-test (1 scala source)
2022.05.05 01:20:12 INFO  time: compiled functional-actors-test in 0.18s
2022.05.05 01:20:17 INFO  compiling functional-actors-test (1 scala source)
2022.05.05 01:20:17 INFO  time: compiled functional-actors-test in 39ms
2022.05.05 01:20:25 INFO  compiling functional-actors-test (1 scala source)
2022.05.05 01:20:25 INFO  time: compiled functional-actors-test in 42ms
2022.05.05 01:20:29 INFO  compiling functional-actors-test (1 scala source)
2022.05.05 01:20:29 INFO  time: compiled functional-actors-test in 39ms
2022.05.05 01:20:35 INFO  compiling functional-actors-test (1 scala source)
2022.05.05 01:20:35 INFO  time: compiled functional-actors-test in 39ms
2022.05.05 01:20:37 INFO  compiling functional-actors-test (1 scala source)
2022.05.05 01:20:37 INFO  time: compiled functional-actors-test in 0.18s
2022.05.05 01:20:57 INFO  compiling functional-actors-test (1 scala source)
2022.05.05 01:20:57 INFO  time: compiled functional-actors-test in 0.18s
2022.05.05 01:26:14 ERROR code navigation does not work for the file 'C:\Users\scott\Documents\functional-actors\src\test\scala\functional.actors\ActorTest.scala' because the SemanticDB file 'C:\Users\scott\Documents\functional-actors\.bloop\functional-actors\bloop-bsp-clients-classes\test-classes-Metals-Yft22zCCSyO889nzsIaOHQ==\META-INF\semanticdb\src\test\scala\functional.actors\ActorTest.scala.semanticdb' doesn't exist. There can be many reasons for this error. 
2022.05.05 01:26:15 INFO  compiling functional-actors-test (1 scala source)
2022.05.05 01:26:15 INFO  time: compiled functional-actors-test in 0.17s
2022.05.05 01:26:21 INFO  compiling functional-actors-test (1 scala source)
2022.05.05 01:26:21 INFO  time: compiled functional-actors-test in 39ms
2022.05.05 01:26:25 INFO  compiling functional-actors-test (1 scala source)
2022.05.05 01:26:25 INFO  time: compiled functional-actors-test in 40ms
2022.05.05 01:26:28 INFO  compiling functional-actors-test (1 scala source)
2022.05.05 01:26:28 INFO  time: compiled functional-actors-test in 38ms
2022.05.05 01:26:31 INFO  compiling functional-actors-test (1 scala source)
2022.05.05 01:26:31 INFO  time: compiled functional-actors-test in 0.17s
2022.05.05 01:26:35 INFO  compiling functional-actors-test (1 scala source)
2022.05.05 01:26:35 INFO  time: compiled functional-actors-test in 0.19s
2022.05.05 01:26:37 INFO  compiling functional-actors-test (1 scala source)
2022.05.05 01:26:37 INFO  time: compiled functional-actors-test in 0.2s
2022.05.05 01:26:43 INFO  compiling functional-actors-test (1 scala source)
2022.05.05 01:26:43 INFO  time: compiled functional-actors-test in 0.18s
2022.05.05 01:26:47 INFO  compiling functional-actors-test (1 scala source)
2022.05.05 01:26:47 INFO  time: compiled functional-actors-test in 0.17s
2022.05.05 01:28:13 ERROR code navigation does not work for the file 'C:\Users\scott\Documents\functional-actors\src\test\scala\functional.actors\ActorTest.scala' because the SemanticDB file 'C:\Users\scott\Documents\functional-actors\.bloop\functional-actors\bloop-bsp-clients-classes\test-classes-Metals-Yft22zCCSyO889nzsIaOHQ==\META-INF\semanticdb\src\test\scala\functional.actors\ActorTest.scala.semanticdb' doesn't exist. There can be many reasons for this error. 
2022.05.05 01:28:21 INFO  compiling functional-actors-test (1 scala source)
2022.05.05 01:28:21 INFO  time: compiled functional-actors-test in 0.17s
2022.05.05 01:28:49 INFO  compiling functional-actors-test (1 scala source)
2022.05.05 01:28:49 INFO  time: compiled functional-actors-test in 0.16s
2022.05.05 01:28:51 INFO  compiling functional-actors-test (1 scala source)
2022.05.05 01:28:51 INFO  time: compiled functional-actors-test in 0.17s
2022.05.05 01:28:53 INFO  file:///C:/Users/scott/Documents/functional-actors/src/test/scala/functional.actors/ActorTest.scala:67:9: stale bloop error: type mismatch;
 found   : cats.effect.IO[Boolean]
 required: scala.collection.IterableOnce[?]
> _ <- actor1 ! DoSend(actorSystem)
>         _ <- actor2 ! DoSend(actorSystem)
>         _ <- actor3 ! DoSend(actorSystem)
>         deferred <- Deferred[IO, Boolean]
>         _ <- actorSystem ! Done(deferred)
>         res <- deferred.get
>       } yield res
2022.05.05 01:28:53 INFO  file:///C:/Users/scott/Documents/functional-actors/src/test/scala/functional.actors/ActorTest.scala:67:9: stale bloop error: type mismatch;
 found   : cats.effect.IO[Boolean]
 required: scala.collection.IterableOnce[?]
> _ <- actor1 ! DoSend(actorSystem)
>         _ <- actor2 ! DoSend(actorSystem)
>         _ <- actor3 ! DoSend(actorSystem)
>         deferred <- Deferred[IO, Boolean]
>         _ <- actorSystem ! Done(deferred)
>         res <- deferred.get
>       } yield res
2022.05.05 01:28:57 INFO  compiling functional-actors-test (1 scala source)
2022.05.05 01:28:57 INFO  time: compiled functional-actors-test in 41ms
2022.05.05 01:29:58 INFO  compiling functional-actors-test (1 scala source)
2022.05.05 01:29:58 INFO  time: compiled functional-actors-test in 41ms
2022.05.05 01:30:03 INFO  compiling functional-actors-test (1 scala source)
2022.05.05 01:30:03 INFO  time: compiled functional-actors-test in 41ms
2022.05.05 01:30:08 INFO  compiling functional-actors-test (1 scala source)
2022.05.05 01:30:08 INFO  time: compiled functional-actors-test in 41ms
2022.05.05 01:30:12 INFO  compiling functional-actors-test (1 scala source)
2022.05.05 01:30:12 INFO  time: compiled functional-actors-test in 41ms
2022.05.05 01:30:20 INFO  compiling functional-actors-test (1 scala source)
2022.05.05 01:30:20 INFO  time: compiled functional-actors-test in 40ms
2022.05.05 01:30:23 INFO  compiling functional-actors-test (1 scala source)
2022.05.05 01:30:23 INFO  time: compiled functional-actors-test in 39ms
2022.05.05 01:30:28 INFO  compiling functional-actors-test (1 scala source)
2022.05.05 01:30:28 INFO  time: compiled functional-actors-test in 46ms
2022.05.05 01:30:31 INFO  compiling functional-actors-test (1 scala source)
2022.05.05 01:30:31 INFO  time: compiled functional-actors-test in 39ms
2022.05.05 01:30:34 INFO  compiling functional-actors-test (1 scala source)
2022.05.05 01:30:34 INFO  time: compiled functional-actors-test in 40ms
2022.05.05 01:31:14 INFO  compiling functional-actors-test (1 scala source)
2022.05.05 01:31:14 INFO  time: compiled functional-actors-test in 41ms
2022.05.05 01:31:21 INFO  compiling functional-actors-test (1 scala source)
2022.05.05 01:31:21 INFO  time: compiled functional-actors-test in 39ms
2022.05.05 01:31:31 INFO  compiling functional-actors-test (1 scala source)
2022.05.05 01:31:31 INFO  time: compiled functional-actors-test in 44ms
2022.05.05 01:31:33 INFO  compiling functional-actors-test (1 scala source)
2022.05.05 01:31:33 INFO  time: compiled functional-actors-test in 39ms
2022.05.05 01:31:39 INFO  compiling functional-actors-test (1 scala source)
2022.05.05 01:31:39 INFO  time: compiled functional-actors-test in 41ms
2022.05.05 01:31:41 INFO  compiling functional-actors-test (1 scala source)
2022.05.05 01:31:41 INFO  time: compiled functional-actors-test in 40ms
2022.05.05 01:31:43 INFO  compiling functional-actors-test (1 scala source)
2022.05.05 01:31:43 INFO  time: compiled functional-actors-test in 40ms
2022.05.05 01:31:57 INFO  compiling functional-actors-test (1 scala source)
2022.05.05 01:31:57 INFO  time: compiled functional-actors-test in 48ms
2022.05.05 01:32:00 ERROR code navigation does not work for the file 'C:\Users\scott\Documents\functional-actors\src\test\scala\functional.actors\ActorTest.scala' because the SemanticDB file 'C:\Users\scott\Documents\functional-actors\.bloop\functional-actors\bloop-bsp-clients-classes\test-classes-Metals-Yft22zCCSyO889nzsIaOHQ==\META-INF\semanticdb\src\test\scala\functional.actors\ActorTest.scala.semanticdb' doesn't exist. There can be many reasons for this error. 
2022.05.05 01:32:00 ERROR code navigation does not work for the file 'C:\Users\scott\Documents\functional-actors\src\test\scala\functional.actors\ActorTest.scala' because the SemanticDB file 'C:\Users\scott\Documents\functional-actors\.bloop\functional-actors\bloop-bsp-clients-classes\test-classes-Metals-Yft22zCCSyO889nzsIaOHQ==\META-INF\semanticdb\src\test\scala\functional.actors\ActorTest.scala.semanticdb' doesn't exist. There can be many reasons for this error. 
2022.05.05 01:32:04 INFO  compiling functional-actors-test (1 scala source)
2022.05.05 01:32:04 INFO  time: compiled functional-actors-test in 39ms
2022.05.05 01:32:07 INFO  compiling functional-actors-test (1 scala source)
2022.05.05 01:32:07 INFO  time: compiled functional-actors-test in 47ms
2022.05.05 01:32:11 INFO  compiling functional-actors-test (1 scala source)
2022.05.05 01:32:11 INFO  time: compiled functional-actors-test in 39ms
2022.05.05 01:32:15 INFO  compiling functional-actors-test (1 scala source)
2022.05.05 01:32:15 INFO  time: compiled functional-actors-test in 42ms
2022.05.05 01:32:17 INFO  compiling functional-actors-test (1 scala source)
2022.05.05 01:32:17 INFO  time: compiled functional-actors-test in 41ms
2022.05.05 01:32:28 INFO  compiling functional-actors-test (1 scala source)
2022.05.05 01:32:28 INFO  time: compiled functional-actors-test in 40ms
2022.05.05 01:32:41 INFO  compiling functional-actors-test (1 scala source)
2022.05.05 01:32:41 INFO  time: compiled functional-actors-test in 0.18s
2022.05.05 01:32:43 INFO  compiling functional-actors-test (1 scala source)
2022.05.05 01:32:43 INFO  time: compiled functional-actors-test in 0.18s
2022.05.05 01:32:45 INFO  compiling functional-actors-test (1 scala source)
2022.05.05 01:32:45 INFO  time: compiled functional-actors-test in 0.17s
2022.05.05 01:32:56 INFO  compiling functional-actors-test (1 scala source)
2022.05.05 01:32:56 WARN  1 deprecation (since 2.13.3); re-run with -deprecation for details
2022.05.05 01:32:57 INFO  time: compiled functional-actors-test in 1.03s
2022.05.05 01:33:14 INFO  shutting down Metals
2022.05.05 01:33:14 INFO  Shut down connection with build server.
2022.05.05 01:33:14 INFO  Shut down connection with build server.
